<?xml version="1.0" encoding="UTF-8"?>
<!-- Generated by org.testng.reporters.JUnitReportReporter -->
<testsuite hostname="DESKTOP-4523B8T" name="com.app.SmokeTest" tests="1" failures="0" timestamp="13 Feb 2022 22:01:07 GMT" time="6.986" errors="0">
  <testcase name="searchSeleniumGoogle" time="6.986" classname="com.app.SmokeTest"/>
</testsuite> <!-- com.app.SmokeTest -->
